<?xml version="1.0" encoding="UTF-8"?>
<!-- Generated by org.testng.reporters.JUnitXMLReporter -->
<testsuite ignored="0" hostname="RAJRATNAA" failures="2" tests="2" name="Test" time="16.217" errors="0" timestamp="30 Dec 2022 13:28:47 GMT">
  <testcase classname="ai.ds.apps.testLayer.LoginPageTest" name="verifyLogin" time="4.331">
    <failure type="java.lang.AssertionError" message="expected [https://apps.dalalstreet.ai/dashboard] but found [https://apps.dalalstreet.ai/login]">
      <![CDATA[java.lang.AssertionError: expected [https://apps.dalalstreet.ai/dashboard] but found [https://apps.dalalstreet.ai/login]
at ai.ds.apps.testLayer.LoginPageTest.verifyLogin(LoginPageTest.java:25)
... Removed 29 stack frames]]>
    </failure>
  </testcase> <!-- verifyLogin -->
  <testcase classname="ai.ds.apps.testLayer.BuyFunctionality" name="verifyBuyFunctionality" time="4.361">
    <failure type="java.lang.NullPointerException" message="Cannot invoke &amp;quot;org.openqa.selenium.SearchContext.findElement(org.openqa.selenium.By)&amp;quot; because &amp;quot;this.searchContext&amp;quot; is null">
      <![CDATA[java.lang.NullPointerException: Cannot invoke "org.openqa.selenium.SearchContext.findElement(org.openqa.selenium.By)" because "this.searchContext" is null
at org.openqa.selenium.support.pagefactory.DefaultElementLocator.findElement(DefaultElementLocator.java:70)
at org.openqa.selenium.support.pagefactory.internal.LocatingElementHandler.invoke(LocatingElementHandler.java:39)
at jdk.proxy2/jdk.proxy2.$Proxy16.sendKeys(Unknown Source)
at ai.ds.apps.pageLayer.DashboardPage.eneterCompanyName(DashboardPage.java:29)
at ai.ds.apps.testLayer.BuyFunctionality.verifyBuyFunctionality(BuyFunctionality.java:23)
... Removed 23 stack frames]]>
    </failure>
  </testcase> <!-- verifyBuyFunctionality -->
</testsuite> <!-- Test -->
